<?xml version="1.0" encoding="UTF-8"?>
<testng-results ignored="0" total="3" passed="3" failed="0" skipped="0">
  <reporter-output>
    <line>
      <![CDATA[frame1 switched Successfully..]]>
    </line>
    <line>
      <![CDATA[frame2 switched Successfully..]]>
    </line>
    <line>
      <![CDATA[Parent Frame switched Successfully..]]>
    </line>
    <line>
      <![CDATA[childFrame switched Successfully..]]>
    </line>
  </reporter-output>
  <suite started-at="2022-03-15T19:11:55 GST" name="AppSmoke" finished-at="2022-03-15T19:12:45 GST" duration-ms="49211">
    <groups>
    </groups>
    <test started-at="2022-03-15T19:11:55 GST" name="Test" finished-at="2022-03-15T19:12:45 GST" duration-ms="49211">
      <class name="demo22.demo_new.Text">
        <test-method is-config="true" signature="setup()[pri:0, instance:demo22.demo_new.Text@1de76cc7]" started-at="2022-03-15T19:11:55 GST" name="setup" finished-at="2022-03-15T19:12:07 GST" duration-ms="11668" status="PASS">
          <reporter-output>
          </reporter-output>
        </test-method> <!-- setup -->
        <test-method signature="Frame()[pri:0, instance:demo22.demo_new.Text@1de76cc7]" started-at="2022-03-15T19:12:07 GST" name="Frame" description="verify form Demo work successfully." finished-at="2022-03-15T19:12:12 GST" duration-ms="4566" status="PASS">
          <reporter-output>
          </reporter-output>
        </test-method> <!-- Frame -->
        <test-method is-config="true" signature="tearDown()[pri:0, instance:demo22.demo_new.Text@1de76cc7]" started-at="2022-03-15T19:12:12 GST" name="tearDown" finished-at="2022-03-15T19:12:13 GST" duration-ms="968" status="PASS">
          <reporter-output>
          </reporter-output>
        </test-method> <!-- tearDown -->
      </class> <!-- demo22.demo_new.Text -->
      <class name="demo22.demo_new.FrameAndNestedFrameDemo">
        <test-method is-config="true" signature="setup()[pri:0, instance:demo22.demo_new.FrameAndNestedFrameDemo@6e0f5f7f]" started-at="2022-03-15T19:12:13 GST" name="setup" finished-at="2022-03-15T19:12:21 GST" duration-ms="8830" status="PASS">
          <reporter-output>
          </reporter-output>
        </test-method> <!-- setup -->
        <test-method signature="Frame()[pri:0, instance:demo22.demo_new.FrameAndNestedFrameDemo@6e0f5f7f]" started-at="2022-03-15T19:12:21 GST" name="Frame" description="verify frame Demo work successfully." finished-at="2022-03-15T19:12:35 GST" duration-ms="13396" status="PASS">
          <reporter-output>
            <line>
              <![CDATA[frame1 switched Successfully..]]>
            </line>
            <line>
              <![CDATA[frame2 switched Successfully..]]>
            </line>
          </reporter-output>
        </test-method> <!-- Frame -->
        <test-method signature="NestedFrame()[pri:0, instance:demo22.demo_new.FrameAndNestedFrameDemo@6e0f5f7f]" started-at="2022-03-15T19:12:35 GST" name="NestedFrame" description="verify Nested frame Demo work successfully." finished-at="2022-03-15T19:12:44 GST" duration-ms="8921" status="PASS">
          <reporter-output>
            <line>
              <![CDATA[Parent Frame switched Successfully..]]>
            </line>
            <line>
              <![CDATA[childFrame switched Successfully..]]>
            </line>
          </reporter-output>
        </test-method> <!-- NestedFrame -->
        <test-method is-config="true" signature="tearDown()[pri:0, instance:demo22.demo_new.FrameAndNestedFrameDemo@6e0f5f7f]" started-at="2022-03-15T19:12:44 GST" name="tearDown" finished-at="2022-03-15T19:12:45 GST" duration-ms="763" status="PASS">
          <reporter-output>
          </reporter-output>
        </test-method> <!-- tearDown -->
      </class> <!-- demo22.demo_new.FrameAndNestedFrameDemo -->
    </test> <!-- Test -->
  </suite> <!-- AppSmoke -->
</testng-results>
