<?xml version="1.0" encoding="UTF-8"?>
<testng-results ignored="0" total="1" passed="1" failed="0" skipped="0">
  <reporter-output>
  </reporter-output>
  <suite started-at="2022-03-15T18:01:53 GST" name="Default suite" finished-at="2022-03-15T18:02:12 GST" duration-ms="18061">
    <groups>
    </groups>
    <test started-at="2022-03-15T18:01:53 GST" name="Default test" finished-at="2022-03-15T18:02:12 GST" duration-ms="18061">
      <class name="demo22.demo_new.Text">
        <test-method is-config="true" signature="setup()[pri:0, instance:demo22.demo_new.Text@741a8937]" started-at="2022-03-15T18:01:53 GST" name="setup" finished-at="2022-03-15T18:02:07 GST" duration-ms="13787" status="PASS">
          <reporter-output>
          </reporter-output>
        </test-method> <!-- setup -->
        <test-method signature="Frame()[pri:0, instance:demo22.demo_new.Text@741a8937]" started-at="2022-03-15T18:02:07 GST" name="Frame" description="verify form Demo work successfully." finished-at="2022-03-15T18:02:11 GST" duration-ms="3614" status="PASS">
          <reporter-output>
          </reporter-output>
        </test-method> <!-- Frame -->
        <test-method is-config="true" signature="tearDown()[pri:0, instance:demo22.demo_new.Text@741a8937]" started-at="2022-03-15T18:02:11 GST" name="tearDown" finished-at="2022-03-15T18:02:11 GST" duration-ms="587" status="PASS">
          <reporter-output>
          </reporter-output>
        </test-method> <!-- tearDown -->
      </class> <!-- demo22.demo_new.Text -->
    </test> <!-- Default test -->
  </suite> <!-- Default suite -->
</testng-results>
