<?xml version="1.0" encoding="UTF-8"?>
<!-- Generated by org.testng.reporters.JUnitXMLReporter -->
<testsuite ignored="0" hostname="DESKTOP-9R3DQEO" failures="0" tests="3" name="Test" time="49.211" errors="0" timestamp="2022-03-15T19:12:45 GST">
  <testcase classname="demo22.demo_new.Text" name="Frame" time="4.566"/>
  <testcase classname="demo22.demo_new.FrameAndNestedFrameDemo" name="Frame" time="13.396"/>
  <testcase classname="demo22.demo_new.FrameAndNestedFrameDemo" name="NestedFrame" time="8.921"/>
</testsuite> <!-- Test -->
